1635803023152	geckodriver	INFO	Listening on 127.0.0.1:61271
1635803026081	mozrunner::runner	INFO	Running command: "C:\\Program Files\\Mozilla Firefox\\firefox.exe" "--marionette" "--remote-debugging-port" "61272" "-no-remote" "-profile" "C:\\Users\\Slider\\AppData\\Local\\Temp\\rust_mozprofileVKFTnx"
1635803026452	Marionette	INFO	Marionette enabled
console.warn: SearchSettings: "get: No settings file exists, new profile?" (new NotFoundError("Could not open the file at C:\\Users\\Slider\\AppData\\Local\\Temp\\rust_mozprofileVKFTnx\\search.json.mozlz4", (void 0)))
DevTools listening on ws://localhost:61272/devtools/browser/e61914d7-dc7d-49cb-9ec2-47c618833eca
1635803028978	Marionette	INFO	Listening on port 61277
1635803029277	RemoteAgent	WARN	TLS certificate errors will be ignored for this session
1635803030152	Marionette	INFO	Stopped listening on port 61277
JavaScript error: resource:///modules/Interactions.jsm, line 201: NS_ERROR_FAILURE: Component returned failure code: 0x80004005 (NS_ERROR_FAILURE) [nsIUserIdleService.removeIdleObserver]

###!!! [Parent][RunMessage] Error: Channel closing: too late to send/recv, messages will be lost

1635803070531	geckodriver	INFO	Listening on 127.0.0.1:61439
1635803073550	mozrunner::runner	INFO	Running command: "C:\\Program Files\\Mozilla Firefox\\firefox.exe" "--marionette" "--remote-debugging-port" "61440" "-no-remote" "-profile" "C:\\Users\\Slider\\AppData\\Local\\Temp\\rust_mozprofile0SDHqP"
1635803073871	Marionette	INFO	Marionette enabled
console.warn: SearchSettings: "get: No settings file exists, new profile?" (new NotFoundError("Could not open the file at C:\\Users\\Slider\\AppData\\Local\\Temp\\rust_mozprofile0SDHqP\\search.json.mozlz4", (void 0)))
DevTools listening on ws://localhost:61440/devtools/browser/bb74f63c-3b26-4f53-a064-84f93e4f1c42
1635803076163	Marionette	INFO	Listening on port 61445
1635803076233	RemoteAgent	WARN	TLS certificate errors will be ignored for this session
1635803077065	Marionette	INFO	Stopped listening on port 61445
JavaScript error: resource:///modules/Interactions.jsm, line 201: NS_ERROR_FAILURE: Component returned failure code: 0x80004005 (NS_ERROR_FAILURE) [nsIUserIdleService.removeIdleObserver]

###!!! [Parent][RunMessage] Error: Channel closing: too late to send/recv, messages will be lost

1635803626441	geckodriver	INFO	Listening on 127.0.0.1:49788
1635803629458	mozrunner::runner	INFO	Running command: "C:\\Program Files\\Mozilla Firefox\\firefox.exe" "--marionette" "--remote-debugging-port" "49789" "-no-remote" "-profile" "C:\\Users\\Slider\\AppData\\Local\\Temp\\rust_mozprofileytCzhO"
1635803629772	Marionette	INFO	Marionette enabled
console.warn: SearchSettings: "get: No settings file exists, new profile?" (new NotFoundError("Could not open the file at C:\\Users\\Slider\\AppData\\Local\\Temp\\rust_mozprofileytCzhO\\search.json.mozlz4", (void 0)))
DevTools listening on ws://localhost:49789/devtools/browser/34afc506-5523-4998-af15-6bdb27922d59
1635803632089	Marionette	INFO	Listening on port 49794
1635803632111	RemoteAgent	WARN	TLS certificate errors will be ignored for this session
1635803632966	Marionette	INFO	Stopped listening on port 49794
JavaScript error: resource:///modules/Interactions.jsm, line 201: NS_ERROR_FAILURE: Component returned failure code: 0x80004005 (NS_ERROR_FAILURE) [nsIUserIdleService.removeIdleObserver]

###!!! [Parent][RunMessage] Error: Channel closing: too late to send/recv, messages will be lost

1635803785088	geckodriver	INFO	Listening on 127.0.0.1:64884
1635803788108	mozrunner::runner	INFO	Running command: "C:\\Program Files\\Mozilla Firefox\\firefox.exe" "--marionette" "--remote-debugging-port" "64885" "-no-remote" "-profile" "C:\\Users\\Slider\\AppData\\Local\\Temp\\rust_mozprofilethRJPJ"
1635803788548	Marionette	INFO	Marionette enabled
console.warn: SearchSettings: "get: No settings file exists, new profile?" (new NotFoundError("Could not open the file at C:\\Users\\Slider\\AppData\\Local\\Temp\\rust_mozprofilethRJPJ\\search.json.mozlz4", (void 0)))
DevTools listening on ws://localhost:64885/devtools/browser/a1556374-fb33-4997-81f2-73a0302de29d
1635803790808	Marionette	INFO	Listening on port 52790
1635803791269	RemoteAgent	WARN	TLS certificate errors will be ignored for this session
1635803792160	Marionette	INFO	Stopped listening on port 52790
JavaScript error: resource:///modules/Interactions.jsm, line 201: NS_ERROR_FAILURE: Component returned failure code: 0x80004005 (NS_ERROR_FAILURE) [nsIUserIdleService.removeIdleObserver]

###!!! [Parent][RunMessage] Error: Channel closing: too late to send/recv, messages will be lost

1635804563820	geckodriver	INFO	Listening on 127.0.0.1:64152
1635804566850	mozrunner::runner	INFO	Running command: "C:\\Program Files\\Mozilla Firefox\\firefox.exe" "--marionette" "--remote-debugging-port" "64153" "-no-remote" "-profile" "C:\\Users\\Slider\\AppData\\Local\\Temp\\rust_mozprofilestxSmO"
1635804567156	Marionette	INFO	Marionette enabled
console.warn: SearchSettings: "get: No settings file exists, new profile?" (new NotFoundError("Could not open the file at C:\\Users\\Slider\\AppData\\Local\\Temp\\rust_mozprofilestxSmO\\search.json.mozlz4", (void 0)))
DevTools listening on ws://localhost:64153/devtools/browser/151b54e3-6fbb-4827-acfb-110c60091f8b
1635804569394	Marionette	INFO	Listening on port 64158
1635804569509	RemoteAgent	WARN	TLS certificate errors will be ignored for this session
1635804570334	Marionette	INFO	Stopped listening on port 64158
JavaScript error: resource:///modules/Interactions.jsm, line 201: NS_ERROR_FAILURE: Component returned failure code: 0x80004005 (NS_ERROR_FAILURE) [nsIUserIdleService.removeIdleObserver]

###!!! [Parent][RunMessage] Error: Channel closing: too late to send/recv, messages will be lost

1635805286468	geckodriver	INFO	Listening on 127.0.0.1:64240
1635805289496	mozrunner::runner	INFO	Running command: "C:\\Program Files\\Mozilla Firefox\\firefox.exe" "--marionette" "--remote-debugging-port" "64241" "-no-remote" "-profile" "C:\\Users\\Slider\\AppData\\Local\\Temp\\rust_mozprofilemYoIB5"
1635805289808	Marionette	INFO	Marionette enabled
console.warn: SearchSettings: "get: No settings file exists, new profile?" (new NotFoundError("Could not open the file at C:\\Users\\Slider\\AppData\\Local\\Temp\\rust_mozprofilemYoIB5\\search.json.mozlz4", (void 0)))
DevTools listening on ws://localhost:64241/devtools/browser/f869490f-8a0f-4615-bf9d-b1d229acdddf
1635805292036	Marionette	INFO	Listening on port 64246
1635805292152	RemoteAgent	WARN	TLS certificate errors will be ignored for this session
1635805294692	Marionette	INFO	Stopped listening on port 64246
JavaScript error: resource:///modules/Interactions.jsm, line 201: NS_ERROR_FAILURE: Component returned failure code: 0x80004005 (NS_ERROR_FAILURE) [nsIUserIdleService.removeIdleObserver]

###!!! [Parent][RunMessage] Error: Channel closing: too late to send/recv, messages will be lost

1635805710925	geckodriver	INFO	Listening on 127.0.0.1:64758
1635805713972	mozrunner::runner	INFO	Running command: "C:\\Program Files\\Mozilla Firefox\\firefox.exe" "--marionette" "--remote-debugging-port" "64759" "-no-remote" "-profile" "C:\\Users\\Slider\\AppData\\Local\\Temp\\rust_mozprofileYxzqFF"
1635805714288	Marionette	INFO	Marionette enabled
console.warn: SearchSettings: "get: No settings file exists, new profile?" (new NotFoundError("Could not open the file at C:\\Users\\Slider\\AppData\\Local\\Temp\\rust_mozprofileYxzqFF\\search.json.mozlz4", (void 0)))
DevTools listening on ws://localhost:64759/devtools/browser/36658572-2672-44a9-8d3f-74fd6b88a468
1635805716643	Marionette	INFO	Listening on port 64764
1635805717138	RemoteAgent	WARN	TLS certificate errors will be ignored for this session
1635805718464	Marionette	INFO	Stopped listening on port 64764
JavaScript error: resource:///modules/Interactions.jsm, line 201: NS_ERROR_FAILURE: Component returned failure code: 0x80004005 (NS_ERROR_FAILURE) [nsIUserIdleService.removeIdleObserver]

###!!! [Parent][RunMessage] Error: Channel closing: too late to send/recv, messages will be lost

1635805780380	geckodriver	INFO	Listening on 127.0.0.1:64821
1635805783422	mozrunner::runner	INFO	Running command: "C:\\Program Files\\Mozilla Firefox\\firefox.exe" "--marionette" "--remote-debugging-port" "64822" "-no-remote" "-profile" "C:\\Users\\Slider\\AppData\\Local\\Temp\\rust_mozprofile2niWOV"
1635805783740	Marionette	INFO	Marionette enabled
console.warn: SearchSettings: "get: No settings file exists, new profile?" (new NotFoundError("Could not open the file at C:\\Users\\Slider\\AppData\\Local\\Temp\\rust_mozprofile2niWOV\\search.json.mozlz4", (void 0)))
DevTools listening on ws://localhost:64822/devtools/browser/76ef105f-5444-48a7-8f69-9722079987d3
1635805785939	Marionette	INFO	Listening on port 64827
1635805786086	RemoteAgent	WARN	TLS certificate errors will be ignored for this session
1635805789057	Marionette	INFO	Stopped listening on port 64827
JavaScript error: resource:///modules/Interactions.jsm, line 201: NS_ERROR_FAILURE: Component returned failure code: 0x80004005 (NS_ERROR_FAILURE) [nsIUserIdleService.removeIdleObserver]
1635806330739	geckodriver	INFO	Listening on 127.0.0.1:64921
1635806333778	mozrunner::runner	INFO	Running command: "C:\\Program Files\\Mozilla Firefox\\firefox.exe" "--marionette" "--remote-debugging-port" "64922" "-no-remote" "-profile" "C:\\Users\\Slider\\AppData\\Local\\Temp\\rust_mozprofileU2oFey"
1635806334091	Marionette	INFO	Marionette enabled
console.warn: SearchSettings: "get: No settings file exists, new profile?" (new NotFoundError("Could not open the file at C:\\Users\\Slider\\AppData\\Local\\Temp\\rust_mozprofileU2oFey\\search.json.mozlz4", (void 0)))
DevTools listening on ws://localhost:64922/devtools/browser/44eac049-7f99-4c36-a8e5-24cdcc9a56a4
1635806336500	Marionette	INFO	Listening on port 64927
1635806336942	RemoteAgent	WARN	TLS certificate errors will be ignored for this session
1635806337818	Marionette	INFO	Stopped listening on port 64927
JavaScript error: resource:///modules/Interactions.jsm, line 201: NS_ERROR_FAILURE: Component returned failure code: 0x80004005 (NS_ERROR_FAILURE) [nsIUserIdleService.removeIdleObserver]
1635806372817	geckodriver	INFO	Listening on 127.0.0.1:65003
1635806375846	mozrunner::runner	INFO	Running command: "C:\\Program Files\\Mozilla Firefox\\firefox.exe" "--marionette" "--remote-debugging-port" "65004" "-no-remote" "-profile" "C:\\Users\\Slider\\AppData\\Local\\Temp\\rust_mozprofileFkCLwl"
1635806376156	Marionette	INFO	Marionette enabled
console.warn: SearchSettings: "get: No settings file exists, new profile?" (new NotFoundError("Could not open the file at C:\\Users\\Slider\\AppData\\Local\\Temp\\rust_mozprofileFkCLwl\\search.json.mozlz4", (void 0)))
DevTools listening on ws://localhost:65004/devtools/browser/083da966-2623-49b2-9d6d-89cf315ffe98
1635806378329	Marionette	INFO	Listening on port 65009
1635806378500	RemoteAgent	WARN	TLS certificate errors will be ignored for this session
1635806379958	Marionette	INFO	Stopped listening on port 65009
JavaScript error: resource:///modules/Interactions.jsm, line 201: NS_ERROR_FAILURE: Component returned failure code: 0x80004005 (NS_ERROR_FAILURE) [nsIUserIdleService.removeIdleObserver]

###!!! [Parent][RunMessage] Error: Channel closing: too late to send/recv, messages will be lost

1635807197051	geckodriver	INFO	Listening on 127.0.0.1:49171
1635807200100	mozrunner::runner	INFO	Running command: "C:\\Program Files\\Mozilla Firefox\\firefox.exe" "--marionette" "--remote-debugging-port" "49172" "-no-remote" "-profile" "C:\\Users\\Slider\\AppData\\Local\\Temp\\rust_mozprofileGIFNOG"
1635807200421	Marionette	INFO	Marionette enabled
console.warn: SearchSettings: "get: No settings file exists, new profile?" (new NotFoundError("Could not open the file at C:\\Users\\Slider\\AppData\\Local\\Temp\\rust_mozprofileGIFNOG\\search.json.mozlz4", (void 0)))
DevTools listening on ws://localhost:49172/devtools/browser/30249451-29bb-48ee-b82b-9e6daa2f1729
1635807202677	Marionette	INFO	Listening on port 49177
1635807202762	RemoteAgent	WARN	TLS certificate errors will be ignored for this session
1635807203856	Marionette	INFO	Stopped listening on port 49177
JavaScript error: resource:///actors/ContentMetaChild.jsm, line 179: InvalidStateError: JSWindowActorChild.sendAsyncMessage: JSWindowActorChild cannot send at the moment
JavaScript error: resource:///modules/Interactions.jsm, line 201: NS_ERROR_FAILURE: Component returned failure code: 0x80004005 (NS_ERROR_FAILURE) [nsIUserIdleService.removeIdleObserver]

###!!! [Parent][RunMessage] Error: Channel closing: too late to send/recv, messages will be lost

1635808250021	geckodriver	INFO	Listening on 127.0.0.1:49296
1635808253059	mozrunner::runner	INFO	Running command: "C:\\Program Files\\Mozilla Firefox\\firefox.exe" "--marionette" "--remote-debugging-port" "49297" "-no-remote" "-profile" "C:\\Users\\Slider\\AppData\\Local\\Temp\\rust_mozprofilel9i11o"
1635808253369	Marionette	INFO	Marionette enabled
console.warn: SearchSettings: "get: No settings file exists, new profile?" (new NotFoundError("Could not open the file at C:\\Users\\Slider\\AppData\\Local\\Temp\\rust_mozprofilel9i11o\\search.json.mozlz4", (void 0)))
DevTools listening on ws://localhost:49297/devtools/browser/c153870d-950c-4baa-a2c1-282e554a0bea
1635808255629	Marionette	INFO	Listening on port 49302
1635808255725	RemoteAgent	WARN	TLS certificate errors will be ignored for this session
1635808261861	Marionette	INFO	Stopped listening on port 49302
JavaScript error: resource:///modules/Interactions.jsm, line 201: NS_ERROR_FAILURE: Component returned failure code: 0x80004005 (NS_ERROR_FAILURE) [nsIUserIdleService.removeIdleObserver]

###!!! [Parent][RunMessage] Error: Channel closing: too late to send/recv, messages will be lost

1635808371634	geckodriver	INFO	Listening on 127.0.0.1:49366
1635808374664	mozrunner::runner	INFO	Running command: "C:\\Program Files\\Mozilla Firefox\\firefox.exe" "--marionette" "--remote-debugging-port" "49367" "-no-remote" "-profile" "C:\\Users\\Slider\\AppData\\Local\\Temp\\rust_mozprofilehk7yNB"
1635808374973	Marionette	INFO	Marionette enabled
console.warn: SearchSettings: "get: No settings file exists, new profile?" (new NotFoundError("Could not open the file at C:\\Users\\Slider\\AppData\\Local\\Temp\\rust_mozprofilehk7yNB\\search.json.mozlz4", (void 0)))
DevTools listening on ws://localhost:49367/devtools/browser/1d32960f-5cb7-45c6-97d6-29076959dece
1635808377212	Marionette	INFO	Listening on port 49372
1635808377329	RemoteAgent	WARN	TLS certificate errors will be ignored for this session
1635808378736	Marionette	INFO	Stopped listening on port 49372
JavaScript error: resource:///modules/Interactions.jsm, line 201: NS_ERROR_FAILURE: Component returned failure code: 0x80004005 (NS_ERROR_FAILURE) [nsIUserIdleService.removeIdleObserver]

###!!! [Parent][RunMessage] Error: Channel closing: too late to send/recv, messages will be lost

1635808511521	geckodriver	INFO	Listening on 127.0.0.1:49437
1635808514562	mozrunner::runner	INFO	Running command: "C:\\Program Files\\Mozilla Firefox\\firefox.exe" "--marionette" "--remote-debugging-port" "49438" "-no-remote" "-profile" "C:\\Users\\Slider\\AppData\\Local\\Temp\\rust_mozprofileF5HXYb"
1635808514873	Marionette	INFO	Marionette enabled
console.warn: SearchSettings: "get: No settings file exists, new profile?" (new NotFoundError("Could not open the file at C:\\Users\\Slider\\AppData\\Local\\Temp\\rust_mozprofileF5HXYb\\search.json.mozlz4", (void 0)))
DevTools listening on ws://localhost:49438/devtools/browser/38882a1c-492f-4003-84b3-868895dd2947
1635808517050	Marionette	INFO	Listening on port 49443
1635808517226	RemoteAgent	WARN	TLS certificate errors will be ignored for this session
1635808518576	Marionette	INFO	Stopped listening on port 49443
JavaScript error: resource:///modules/Interactions.jsm, line 201: NS_ERROR_FAILURE: Component returned failure code: 0x80004005 (NS_ERROR_FAILURE) [nsIUserIdleService.removeIdleObserver]

###!!! [Parent][RunMessage] Error: Channel closing: too late to send/recv, messages will be lost

1635808554989	geckodriver	INFO	Listening on 127.0.0.1:49506
1635808558042	mozrunner::runner	INFO	Running command: "C:\\Program Files\\Mozilla Firefox\\firefox.exe" "--marionette" "--remote-debugging-port" "49507" "-no-remote" "-profile" "C:\\Users\\Slider\\AppData\\Local\\Temp\\rust_mozprofile6DRSht"
1635808558369	Marionette	INFO	Marionette enabled
console.warn: SearchSettings: "get: No settings file exists, new profile?" (new NotFoundError("Could not open the file at C:\\Users\\Slider\\AppData\\Local\\Temp\\rust_mozprofile6DRSht\\search.json.mozlz4", (void 0)))
DevTools listening on ws://localhost:49507/devtools/browser/5158a1ed-54f1-458b-84a7-b65cc59dddf1
1635808560771	Marionette	INFO	Listening on port 49512
1635808561190	RemoteAgent	WARN	TLS certificate errors will be ignored for this session
1635808562527	Marionette	INFO	Stopped listening on port 49512
JavaScript error: resource:///modules/Interactions.jsm, line 201: NS_ERROR_FAILURE: Component returned failure code: 0x80004005 (NS_ERROR_FAILURE) [nsIUserIdleService.removeIdleObserver]

###!!! [Parent][RunMessage] Error: Channel closing: too late to send/recv, messages will be lost

1635809053602	geckodriver	INFO	Listening on 127.0.0.1:50212
1635809056636	mozrunner::runner	INFO	Running command: "C:\\Program Files\\Mozilla Firefox\\firefox.exe" "--marionette" "--remote-debugging-port" "50213" "-no-remote" "-profile" "C:\\Users\\Slider\\AppData\\Local\\Temp\\rust_mozprofile1Ol8ZT"
1635809056954	Marionette	INFO	Marionette enabled
console.warn: SearchSettings: "get: No settings file exists, new profile?" (new NotFoundError("Could not open the file at C:\\Users\\Slider\\AppData\\Local\\Temp\\rust_mozprofile1Ol8ZT\\search.json.mozlz4", (void 0)))
DevTools listening on ws://localhost:50213/devtools/browser/47fe8523-ee03-47dc-8458-156a0f40bc67
1635809059265	Marionette	INFO	Listening on port 50218
1635809059298	RemoteAgent	WARN	TLS certificate errors will be ignored for this session
1635809060700	Marionette	INFO	Stopped listening on port 50218
JavaScript error: resource:///modules/Interactions.jsm, line 201: NS_ERROR_FAILURE: Component returned failure code: 0x80004005 (NS_ERROR_FAILURE) [nsIUserIdleService.removeIdleObserver]

###!!! [Parent][RunMessage] Error: Channel closing: too late to send/recv, messages will be lost

1635809096798	geckodriver	INFO	Listening on 127.0.0.1:50280
1635809099833	mozrunner::runner	INFO	Running command: "C:\\Program Files\\Mozilla Firefox\\firefox.exe" "--marionette" "--remote-debugging-port" "50281" "-no-remote" "-profile" "C:\\Users\\Slider\\AppData\\Local\\Temp\\rust_mozprofilecSRpy3"
1635809100156	Marionette	INFO	Marionette enabled
console.warn: SearchSettings: "get: No settings file exists, new profile?" (new NotFoundError("Could not open the file at C:\\Users\\Slider\\AppData\\Local\\Temp\\rust_mozprofilecSRpy3\\search.json.mozlz4", (void 0)))
DevTools listening on ws://localhost:50281/devtools/browser/da7d04ee-f933-40d8-ae83-3a854d9e79d2
1635809102359	Marionette	INFO	Listening on port 50286
1635809102490	RemoteAgent	WARN	TLS certificate errors will be ignored for this session
1635809103863	Marionette	INFO	Stopped listening on port 50286
JavaScript error: resource:///modules/Interactions.jsm, line 201: NS_ERROR_FAILURE: Component returned failure code: 0x80004005 (NS_ERROR_FAILURE) [nsIUserIdleService.removeIdleObserver]

###!!! [Parent][RunMessage] Error: Channel closing: too late to send/recv, messages will be lost

1635809586275	geckodriver	INFO	Listening on 127.0.0.1:50386
1635809589308	mozrunner::runner	INFO	Running command: "C:\\Program Files\\Mozilla Firefox\\firefox.exe" "--marionette" "--remote-debugging-port" "50387" "-no-remote" "-profile" "C:\\Users\\Slider\\AppData\\Local\\Temp\\rust_mozprofile3YJoK1"
1635809589630	Marionette	INFO	Marionette enabled
console.warn: SearchSettings: "get: No settings file exists, new profile?" (new NotFoundError("Could not open the file at C:\\Users\\Slider\\AppData\\Local\\Temp\\rust_mozprofile3YJoK1\\search.json.mozlz4", (void 0)))
DevTools listening on ws://localhost:50387/devtools/browser/ebf94e22-52e0-4872-934c-db5736a91998
1635809592065	Marionette	INFO	Listening on port 50392
1635809592479	RemoteAgent	WARN	TLS certificate errors will be ignored for this session
1635809593334	Marionette	INFO	Stopped listening on port 50392
JavaScript error: resource:///modules/Interactions.jsm, line 201: NS_ERROR_FAILURE: Component returned failure code: 0x80004005 (NS_ERROR_FAILURE) [nsIUserIdleService.removeIdleObserver]

###!!! [Parent][RunMessage] Error: Channel closing: too late to send/recv, messages will be lost

1635809603934	geckodriver	INFO	Listening on 127.0.0.1:50453
1635809606964	mozrunner::runner	INFO	Running command: "C:\\Program Files\\Mozilla Firefox\\firefox.exe" "--marionette" "--remote-debugging-port" "50454" "-no-remote" "-profile" "C:\\Users\\Slider\\AppData\\Local\\Temp\\rust_mozprofilem1WYm3"
1635809607273	Marionette	INFO	Marionette enabled
console.warn: SearchSettings: "get: No settings file exists, new profile?" (new NotFoundError("Could not open the file at C:\\Users\\Slider\\AppData\\Local\\Temp\\rust_mozprofilem1WYm3\\search.json.mozlz4", (void 0)))
DevTools listening on ws://localhost:50454/devtools/browser/561ca363-c335-478b-b132-f228db343fa8
1635809609483	Marionette	INFO	Listening on port 50460
1635809609632	RemoteAgent	WARN	TLS certificate errors will be ignored for this session
1635809610442	Marionette	INFO	Stopped listening on port 50460
JavaScript error: resource:///modules/Interactions.jsm, line 201: NS_ERROR_FAILURE: Component returned failure code: 0x80004005 (NS_ERROR_FAILURE) [nsIUserIdleService.removeIdleObserver]

###!!! [Parent][RunMessage] Error: Channel closing: too late to send/recv, messages will be lost

1635809638619	geckodriver	INFO	Listening on 127.0.0.1:50521
1635809641671	mozrunner::runner	INFO	Running command: "C:\\Program Files\\Mozilla Firefox\\firefox.exe" "--marionette" "--remote-debugging-port" "50522" "-no-remote" "-profile" "C:\\Users\\Slider\\AppData\\Local\\Temp\\rust_mozprofileDfwxeX"
1635809641982	Marionette	INFO	Marionette enabled
console.warn: SearchSettings: "get: No settings file exists, new profile?" (new NotFoundError("Could not open the file at C:\\Users\\Slider\\AppData\\Local\\Temp\\rust_mozprofileDfwxeX\\search.json.mozlz4", (void 0)))
DevTools listening on ws://localhost:50522/devtools/browser/41ba199c-a9ef-4dcc-8c78-3903a42516e5
1635809644218	Marionette	INFO	Listening on port 50527
1635809644339	RemoteAgent	WARN	TLS certificate errors will be ignored for this session
1635809645227	Marionette	INFO	Stopped listening on port 50527
JavaScript error: resource:///modules/Interactions.jsm, line 201: NS_ERROR_FAILURE: Component returned failure code: 0x80004005 (NS_ERROR_FAILURE) [nsIUserIdleService.removeIdleObserver]

###!!! [Parent][RunMessage] Error: Channel closing: too late to send/recv, messages will be lost

1635809654918	geckodriver	INFO	Listening on 127.0.0.1:50584
1635809657968	mozrunner::runner	INFO	Running command: "C:\\Program Files\\Mozilla Firefox\\firefox.exe" "--marionette" "--remote-debugging-port" "50585" "-no-remote" "-profile" "C:\\Users\\Slider\\AppData\\Local\\Temp\\rust_mozprofileLltBcY"
1635809658281	Marionette	INFO	Marionette enabled
console.warn: SearchSettings: "get: No settings file exists, new profile?" (new NotFoundError("Could not open the file at C:\\Users\\Slider\\AppData\\Local\\Temp\\rust_mozprofileLltBcY\\search.json.mozlz4", (void 0)))
DevTools listening on ws://localhost:50585/devtools/browser/a459a0b4-637d-40b9-8dd7-437c124bec7f
1635809660494	Marionette	INFO	Listening on port 50590
1635809660635	RemoteAgent	WARN	TLS certificate errors will be ignored for this session
1635809661921	Marionette	INFO	Stopped listening on port 50590
JavaScript error: resource:///modules/Interactions.jsm, line 201: NS_ERROR_FAILURE: Component returned failure code: 0x80004005 (NS_ERROR_FAILURE) [nsIUserIdleService.removeIdleObserver]

###!!! [Parent][RunMessage] Error: Channel closing: too late to send/recv, messages will be lost

1635809671248	geckodriver	INFO	Listening on 127.0.0.1:50646
1635809674264	mozrunner::runner	INFO	Running command: "C:\\Program Files\\Mozilla Firefox\\firefox.exe" "--marionette" "--remote-debugging-port" "50647" "-no-remote" "-profile" "C:\\Users\\Slider\\AppData\\Local\\Temp\\rust_mozprofilexpTTmP"
1635809674572	Marionette	INFO	Marionette enabled
console.warn: SearchSettings: "get: No settings file exists, new profile?" (new NotFoundError("Could not open the file at C:\\Users\\Slider\\AppData\\Local\\Temp\\rust_mozprofilexpTTmP\\search.json.mozlz4", (void 0)))
DevTools listening on ws://localhost:50647/devtools/browser/65ce9e80-d493-4b67-95ef-65501aff6996
1635809676921	Marionette	INFO	Listening on port 50652
1635809676942	RemoteAgent	WARN	TLS certificate errors will be ignored for this session
1635809677771	Marionette	INFO	Stopped listening on port 50652
JavaScript error: resource:///modules/Interactions.jsm, line 201: NS_ERROR_FAILURE: Component returned failure code: 0x80004005 (NS_ERROR_FAILURE) [nsIUserIdleService.removeIdleObserver]

###!!! [Parent][RunMessage] Error: Channel closing: too late to send/recv, messages will be lost

1635810246566	geckodriver	INFO	Listening on 127.0.0.1:50736
1635810249592	mozrunner::runner	INFO	Running command: "C:\\Program Files\\Mozilla Firefox\\firefox.exe" "--marionette" "--remote-debugging-port" "50737" "-no-remote" "-profile" "C:\\Users\\Slider\\AppData\\Local\\Temp\\rust_mozprofileohP5m5"
1635810249924	Marionette	INFO	Marionette enabled
console.warn: SearchSettings: "get: No settings file exists, new profile?" (new NotFoundError("Could not open the file at C:\\Users\\Slider\\AppData\\Local\\Temp\\rust_mozprofileohP5m5\\search.json.mozlz4", (void 0)))
DevTools listening on ws://localhost:50737/devtools/browser/894986e4-2140-45b4-8cf2-b2d5052c3a67
1635810252275	Marionette	INFO	Listening on port 50742
1635810252781	RemoteAgent	WARN	TLS certificate errors will be ignored for this session
1635810253852	Marionette	INFO	Stopped listening on port 50742
JavaScript error: resource:///modules/Interactions.jsm, line 201: NS_ERROR_FAILURE: Component returned failure code: 0x80004005 (NS_ERROR_FAILURE) [nsIUserIdleService.removeIdleObserver]

###!!! [Parent][RunMessage] Error: Channel closing: too late to send/recv, messages will be lost

1635810293589	geckodriver	INFO	Listening on 127.0.0.1:50799
1635810296651	mozrunner::runner	INFO	Running command: "C:\\Program Files\\Mozilla Firefox\\firefox.exe" "--marionette" "--remote-debugging-port" "50800" "-no-remote" "-profile" "C:\\Users\\Slider\\AppData\\Local\\Temp\\rust_mozprofileuWSnqb"
1635810296964	Marionette	INFO	Marionette enabled
console.warn: SearchSettings: "get: No settings file exists, new profile?" (new NotFoundError("Could not open the file at C:\\Users\\Slider\\AppData\\Local\\Temp\\rust_mozprofileuWSnqb\\search.json.mozlz4", (void 0)))
DevTools listening on ws://localhost:50800/devtools/browser/92320325-1fff-48a5-9aff-9094e6a75b12
1635810299170	Marionette	INFO	Listening on port 50805
1635810299306	RemoteAgent	WARN	TLS certificate errors will be ignored for this session
1635810300394	Marionette	INFO	Stopped listening on port 50805
JavaScript error: resource:///modules/Interactions.jsm, line 201: NS_ERROR_FAILURE: Component returned failure code: 0x80004005 (NS_ERROR_FAILURE) [nsIUserIdleService.removeIdleObserver]

###!!! [Parent][RunMessage] Error: Channel closing: too late to send/recv, messages will be lost

1635810359877	geckodriver	INFO	Listening on 127.0.0.1:50875
1635810362899	mozrunner::runner	INFO	Running command: "C:\\Program Files\\Mozilla Firefox\\firefox.exe" "--marionette" "--remote-debugging-port" "50876" "-no-remote" "-profile" "C:\\Users\\Slider\\AppData\\Local\\Temp\\rust_mozprofileVAdTNe"
1635810363214	Marionette	INFO	Marionette enabled
console.warn: SearchSettings: "get: No settings file exists, new profile?" (new NotFoundError("Could not open the file at C:\\Users\\Slider\\AppData\\Local\\Temp\\rust_mozprofileVAdTNe\\search.json.mozlz4", (void 0)))
DevTools listening on ws://localhost:50876/devtools/browser/b7b17360-27a6-4621-9252-a1d5d77c21eb
1635810365700	Marionette	INFO	Listening on port 50881
1635810366073	RemoteAgent	WARN	TLS certificate errors will be ignored for this session
1635810367300	Marionette	INFO	Stopped listening on port 50881
JavaScript error: resource:///modules/Interactions.jsm, line 201: NS_ERROR_FAILURE: Component returned failure code: 0x80004005 (NS_ERROR_FAILURE) [nsIUserIdleService.removeIdleObserver]

###!!! [Parent][RunMessage] Error: Channel closing: too late to send/recv, messages will be lost

1635810622405	geckodriver	INFO	Listening on 127.0.0.1:50948
1635810625454	mozrunner::runner	INFO	Running command: "C:\\Program Files\\Mozilla Firefox\\firefox.exe" "--marionette" "--remote-debugging-port" "50949" "-no-remote" "-profile" "C:\\Users\\Slider\\AppData\\Local\\Temp\\rust_mozprofileTspL8E"
1635810625763	Marionette	INFO	Marionette enabled
console.warn: SearchSettings: "get: No settings file exists, new profile?" (new NotFoundError("Could not open the file at C:\\Users\\Slider\\AppData\\Local\\Temp\\rust_mozprofileTspL8E\\search.json.mozlz4", (void 0)))
DevTools listening on ws://localhost:50949/devtools/browser/46872b11-63ea-4349-a559-1cebf501f69d
1635810627990	Marionette	INFO	Listening on port 50954
1635810628115	RemoteAgent	WARN	TLS certificate errors will be ignored for this session
1635810630121	Marionette	INFO	Stopped listening on port 50954
JavaScript error: resource:///modules/Interactions.jsm, line 201: NS_ERROR_FAILURE: Component returned failure code: 0x80004005 (NS_ERROR_FAILURE) [nsIUserIdleService.removeIdleObserver]

###!!! [Parent][RunMessage] Error: Channel closing: too late to send/recv, messages will be lost

1635811826830	geckodriver	INFO	Listening on 127.0.0.1:51532
1635811829863	mozrunner::runner	INFO	Running command: "C:\\Program Files\\Mozilla Firefox\\firefox.exe" "--marionette" "--remote-debugging-port" "51533" "-no-remote" "-profile" "C:\\Users\\Slider\\AppData\\Local\\Temp\\rust_mozprofilee8krAa"
1635811830173	Marionette	INFO	Marionette enabled
console.warn: SearchSettings: "get: No settings file exists, new profile?" (new NotFoundError("Could not open the file at C:\\Users\\Slider\\AppData\\Local\\Temp\\rust_mozprofilee8krAa\\search.json.mozlz4", (void 0)))
DevTools listening on ws://localhost:51533/devtools/browser/01791850-8e32-4657-ad07-8b4a5d380dbc
1635811832406	Marionette	INFO	Listening on port 51538
1635811832532	RemoteAgent	WARN	TLS certificate errors will be ignored for this session
1635811833860	Marionette	INFO	Stopped listening on port 51538
JavaScript error: resource:///modules/Interactions.jsm, line 201: NS_ERROR_FAILURE: Component returned failure code: 0x80004005 (NS_ERROR_FAILURE) [nsIUserIdleService.removeIdleObserver]

###!!! [Parent][RunMessage] Error: Channel closing: too late to send/recv, messages will be lost

1635811959537	geckodriver	INFO	Listening on 127.0.0.1:51598
1635811962587	mozrunner::runner	INFO	Running command: "C:\\Program Files\\Mozilla Firefox\\firefox.exe" "--marionette" "--remote-debugging-port" "51599" "-no-remote" "-profile" "C:\\Users\\Slider\\AppData\\Local\\Temp\\rust_mozprofileSYxYK9"
1635811962901	Marionette	INFO	Marionette enabled
console.warn: SearchSettings: "get: No settings file exists, new profile?" (new NotFoundError("Could not open the file at C:\\Users\\Slider\\AppData\\Local\\Temp\\rust_mozprofileSYxYK9\\search.json.mozlz4", (void 0)))
DevTools listening on ws://localhost:51599/devtools/browser/817f0c9e-9ac3-4ae6-b0c0-0a9fafdd8cc5
1635811965140	Marionette	INFO	Listening on port 51604
1635811965248	RemoteAgent	WARN	TLS certificate errors will be ignored for this session
1635811966587	Marionette	INFO	Stopped listening on port 51604
JavaScript error: resource:///modules/Interactions.jsm, line 201: NS_ERROR_FAILURE: Component returned failure code: 0x80004005 (NS_ERROR_FAILURE) [nsIUserIdleService.removeIdleObserver]

###!!! [Parent][RunMessage] Error: Channel closing: too late to send/recv, messages will be lost

1635812097195	geckodriver	INFO	Listening on 127.0.0.1:51668
1635812100229	mozrunner::runner	INFO	Running command: "C:\\Program Files\\Mozilla Firefox\\firefox.exe" "--marionette" "--remote-debugging-port" "51669" "-no-remote" "-profile" "C:\\Users\\Slider\\AppData\\Local\\Temp\\rust_mozprofile0ytuKj"
1635812100543	Marionette	INFO	Marionette enabled
console.warn: SearchSettings: "get: No settings file exists, new profile?" (new NotFoundError("Could not open the file at C:\\Users\\Slider\\AppData\\Local\\Temp\\rust_mozprofile0ytuKj\\search.json.mozlz4", (void 0)))
DevTools listening on ws://localhost:51669/devtools/browser/7193f636-1988-4332-a22a-6b704f0886e1
1635812102769	Marionette	INFO	Listening on port 51674
1635812102892	RemoteAgent	WARN	TLS certificate errors will be ignored for this session
1635812104230	Marionette	INFO	Stopped listening on port 51674
JavaScript error: resource:///modules/Interactions.jsm, line 201: NS_ERROR_FAILURE: Component returned failure code: 0x80004005 (NS_ERROR_FAILURE) [nsIUserIdleService.removeIdleObserver]

###!!! [Parent][RunMessage] Error: Channel closing: too late to send/recv, messages will be lost

1635812194152	geckodriver	INFO	Listening on 127.0.0.1:51731
1635812197187	mozrunner::runner	INFO	Running command: "C:\\Program Files\\Mozilla Firefox\\firefox.exe" "--marionette" "--remote-debugging-port" "51732" "-no-remote" "-profile" "C:\\Users\\Slider\\AppData\\Local\\Temp\\rust_mozprofileQBhmVh"
1635812197508	Marionette	INFO	Marionette enabled
console.warn: SearchSettings: "get: No settings file exists, new profile?" (new NotFoundError("Could not open the file at C:\\Users\\Slider\\AppData\\Local\\Temp\\rust_mozprofileQBhmVh\\search.json.mozlz4", (void 0)))
DevTools listening on ws://localhost:51732/devtools/browser/cf04abf6-aff9-41f6-ae5c-fe6f267238ba
1635812199678	Marionette	INFO	Listening on port 51737
1635812199855	RemoteAgent	WARN	TLS certificate errors will be ignored for this session
1635812201188	Marionette	INFO	Stopped listening on port 51737
JavaScript error: resource:///modules/Interactions.jsm, line 201: NS_ERROR_FAILURE: Component returned failure code: 0x80004005 (NS_ERROR_FAILURE) [nsIUserIdleService.removeIdleObserver]

###!!! [Parent][RunMessage] Error: Channel closing: too late to send/recv, messages will be lost

1635812227285	geckodriver	INFO	Listening on 127.0.0.1:51797
1635812230321	mozrunner::runner	INFO	Running command: "C:\\Program Files\\Mozilla Firefox\\firefox.exe" "--marionette" "--remote-debugging-port" "51798" "-no-remote" "-profile" "C:\\Users\\Slider\\AppData\\Local\\Temp\\rust_mozprofileBvTPMF"
1635812230631	Marionette	INFO	Marionette enabled
console.warn: SearchSettings: "get: No settings file exists, new profile?" (new NotFoundError("Could not open the file at C:\\Users\\Slider\\AppData\\Local\\Temp\\rust_mozprofileBvTPMF\\search.json.mozlz4", (void 0)))
DevTools listening on ws://localhost:51798/devtools/browser/aff55509-1ddf-4015-8476-c64d9a32dccc
1635812232828	Marionette	INFO	Listening on port 51803
1635812232981	RemoteAgent	WARN	TLS certificate errors will be ignored for this session
1635812234274	Marionette	INFO	Stopped listening on port 51803
JavaScript error: resource:///modules/Interactions.jsm, line 201: NS_ERROR_FAILURE: Component returned failure code: 0x80004005 (NS_ERROR_FAILURE) [nsIUserIdleService.removeIdleObserver]

###!!! [Parent][RunMessage] Error: Channel closing: too late to send/recv, messages will be lost

1635812294971	geckodriver	INFO	Listening on 127.0.0.1:51862
1635812298005	mozrunner::runner	INFO	Running command: "C:\\Program Files\\Mozilla Firefox\\firefox.exe" "--marionette" "--remote-debugging-port" "51863" "-no-remote" "-profile" "C:\\Users\\Slider\\AppData\\Local\\Temp\\rust_mozprofileNU9Qht"
1635812298319	Marionette	INFO	Marionette enabled
console.warn: SearchSettings: "get: No settings file exists, new profile?" (new NotFoundError("Could not open the file at C:\\Users\\Slider\\AppData\\Local\\Temp\\rust_mozprofileNU9Qht\\search.json.mozlz4", (void 0)))
DevTools listening on ws://localhost:51863/devtools/browser/452bd2d8-ba60-43eb-ac9a-6ad8fdba0787
1635812300632	Marionette	INFO	Listening on port 51868
1635812301150	RemoteAgent	WARN	TLS certificate errors will be ignored for this session
1635812302512	Marionette	INFO	Stopped listening on port 51868
JavaScript error: resource:///modules/Interactions.jsm, line 201: NS_ERROR_FAILURE: Component returned failure code: 0x80004005 (NS_ERROR_FAILURE) [nsIUserIdleService.removeIdleObserver]

###!!! [Parent][RunMessage] Error: Channel closing: too late to send/recv, messages will be lost

1635815747059	geckodriver	INFO	Listening on 127.0.0.1:53658
1635815750102	mozrunner::runner	INFO	Running command: "C:\\Program Files\\Mozilla Firefox\\firefox.exe" "--marionette" "--remote-debugging-port" "53661" "-no-remote" "-profile" "C:\\Users\\Slider\\AppData\\Local\\Temp\\rust_mozprofileotAolQ"
1635815750634	Marionette	INFO	Marionette enabled
console.warn: SearchSettings: "get: No settings file exists, new profile?" (new NotFoundError("Could not open the file at C:\\Users\\Slider\\AppData\\Local\\Temp\\rust_mozprofilerxeGzb\\search.json.mozlz4", (void 0)))
DevTools listening on ws://localhost:53661/devtools/browser/50eb6d9c-e05a-4b22-a496-34a7fbd617f6
1635815753512	Marionette	INFO	Listening on port 53695
1635815753785	RemoteAgent	WARN	TLS certificate errors will be ignored for this session
1635815757236	Marionette	INFO	Stopped listening on port 53696
JavaScript error: resource:///modules/Interactions.jsm, line 201: NS_ERROR_FAILURE: Component returned failure code: 0x80004005 (NS_ERROR_FAILURE) [nsIUserIdleService.removeIdleObserver]

###!!! [Parent][RunMessage] Error: Channel closing: too late to send/recv, messages will be lost

1635815759157	geckodriver	INFO	Listening on 127.0.0.1:53812
1635815762175	mozrunner::runner	INFO	Running command: "C:\\P1635815763637	mozrunner::runner	INFO	Running command: "C:\\Program Files\\Mozilla Firefox\\firefox.exe" "--marionette" "--remote-debugging-port" "53819" "-no-remote" "-profile" "C:\\Users\\Slider\\AppData\\Local\\Temp\\rust_mozproficonsole.wa1635815765440	mozrunner::runner	INFO	Running commaconsole.warn: SearchSettings: "get: No settings file exists, new profile?" (new NotFoundError("Could not open the file at C:\\Users\\Slider\\AppData\\Local\\Temp\\rust_mozprofilesPhFcT\\search.json.mozlz4", (void 0)))
DevTools listening on wconsole.warn: SearchSettings: "get: No settings file exists, new profile?" (new NotFoundError("Could not open the file at C:\\Users\\Slider\\AppData\\Local\\Temp\\rust_mozprofileoB8lNm\\search.json.mozlz4", (void 0)))1635815770205	Marionette	INFO	Stopped listening on port 53851
JavaScript error: resource:///modules/Interactions.jsm, line 201: NS_ERROR_FAILURE: Component returned failure code: 0x80004005 (NS_ERROR_FAILURE) [nsIUserIdleService.removeIdleOb163581577
###!!! [Parent][RunMessage] Error: Channel closing: too late to send/recv, messages will be lost

ns.jsm, line 201: NS_ERROR_FAILURE: Component returned failure code: 0x80004005 (NS_ERROR_FAILURE) [nsIUserIdleService.removeIdleObserver]
1635815774164	geckodriver	INFO	Listening on 127.0.0.1:53999
1635815777200	mozrunner::runner	INFO	Running command: "C:\\P1635815777443	mozrunner::runner	INFO	Running command: "C:\\Program Files\\Mozilla Firefox\\firefox.exe" "--marionette" "--remote-debugging-port" "54004" "-no-remote" "-profile" "C:\\1635815777522	Marionette	INFO	Marionette enabled
console.warn: SearchSettings: "get: No settings file exists,console.warn: SearchSettings: "get: No settings file exists, new profile?" (new NotFoundError("Could not open the file at C:\\Users\\Slider\\AppData\\Local\\TeDevTools listening on ws://localhost:54000/devtools/browser/DevTools listening on ws://localhost:54004/devtools/browser/6c8c8fd4-75a1-471b-bda2-04b220e079b8
1635815780471	Marionette	INFO	Listening on port 54016
1635815780601	RemoteAgent	WA1635815781971	Marionette	INFO	Stopped listening on port 54011
JavaScript error: resource:///modules/Interactions.jsm, line 201: NS_ERROR_FAILURE: Component returned failure code: 0x80004005 (NS_ERROR_FAILURE) [nsIUserIdleService.removeIdleObserver]

###!!! [Parent][RunMessage] Error: Channel closing: too late to send/recv, messages will be lost

el closing: too late to send/recv, messages will be lost

